<?xml version="1.0" encoding="UTF-8"?>
<coverage generated="1703280031885" clover="3.2.0">
  <project timestamp="1703280031886" name="All files">
    <metrics statements="63" coveredstatements="53" conditionals="22" coveredconditionals="12" methods="10" coveredmethods="10" elements="95" coveredelements="75" complexity="0" loc="63" ncloc="63" packages="3" files="8" classes="8"/>
    <package name="adapters">
      <metrics statements="10" coveredstatements="10" conditionals="0" coveredconditionals="0" methods="3" coveredmethods="3"/>
      <file name="create-article-mysql.ts" path="/Users/wendellneander/Downloads/react-example/src/api/src/adapters/create-article-mysql.ts">
        <metrics statements="4" coveredstatements="4" conditionals="0" coveredconditionals="0" methods="1" coveredmethods="1"/>
        <line num="2" count="1" type="stmt"/>
        <line num="6" count="1" type="stmt"/>
        <line num="14" count="1" type="stmt"/>
        <line num="15" count="1" type="stmt"/>
      </file>
      <file name="get-author-mysql.ts" path="/Users/wendellneander/Downloads/react-example/src/api/src/adapters/get-author-mysql.ts">
        <metrics statements="3" coveredstatements="3" conditionals="0" coveredconditionals="0" methods="1" coveredmethods="1"/>
        <line num="2" count="1" type="stmt"/>
        <line num="4" count="1" type="stmt"/>
        <line num="7" count="1" type="stmt"/>
      </file>
      <file name="get-category-mysql.ts" path="/Users/wendellneander/Downloads/react-example/src/api/src/adapters/get-category-mysql.ts">
        <metrics statements="3" coveredstatements="3" conditionals="0" coveredconditionals="0" methods="1" coveredmethods="1"/>
        <line num="2" count="1" type="stmt"/>
        <line num="4" count="1" type="stmt"/>
        <line num="7" count="1" type="stmt"/>
      </file>
    </package>
    <package name="application.use-cases.create-article">
      <metrics statements="27" coveredstatements="21" conditionals="10" coveredconditionals="4" methods="4" coveredmethods="4"/>
      <file name="create-article-input.ts" path="/Users/wendellneander/Downloads/react-example/src/api/src/application/use-cases/create-article/create-article-input.ts">
        <metrics statements="13" coveredstatements="9" conditionals="8" coveredconditionals="4" methods="2" coveredmethods="2"/>
        <line num="1" count="1" type="stmt"/>
        <line num="3" count="1" type="stmt"/>
        <line num="4" count="1" type="stmt"/>
        <line num="5" count="1" type="stmt"/>
        <line num="6" count="1" type="stmt"/>
        <line num="10" count="1" type="cond" truecount="2" falsecount="1"/>
        <line num="11" count="0" type="stmt"/>
        <line num="14" count="1" type="cond" truecount="2" falsecount="1"/>
        <line num="15" count="0" type="stmt"/>
        <line num="18" count="1" type="cond" truecount="0" falsecount="1"/>
        <line num="19" count="0" type="stmt"/>
        <line num="22" count="1" type="cond" truecount="0" falsecount="1"/>
        <line num="23" count="0" type="stmt"/>
      </file>
      <file name="create-article.ts" path="/Users/wendellneander/Downloads/react-example/src/api/src/application/use-cases/create-article/create-article.ts">
        <metrics statements="14" coveredstatements="12" conditionals="2" coveredconditionals="0" methods="2" coveredmethods="2"/>
        <line num="7" count="1" type="stmt"/>
        <line num="9" count="1" type="stmt"/>
        <line num="10" count="1" type="stmt"/>
        <line num="11" count="1" type="stmt"/>
        <line num="15" count="1" type="stmt"/>
        <line num="17" count="1" type="stmt"/>
        <line num="20" count="1" type="cond" truecount="0" falsecount="1"/>
        <line num="21" count="0" type="stmt"/>
        <line num="24" count="1" type="stmt"/>
        <line num="25" count="1" type="cond" truecount="0" falsecount="1"/>
        <line num="26" count="0" type="stmt"/>
        <line num="28" count="1" type="stmt"/>
        <line num="29" count="1" type="stmt"/>
        <line num="36" count="1" type="stmt"/>
      </file>
    </package>
    <package name="domain.entities">
      <metrics statements="26" coveredstatements="22" conditionals="12" coveredconditionals="8" methods="3" coveredmethods="3"/>
      <file name="article.ts" path="/Users/wendellneander/Downloads/react-example/src/api/src/domain/entities/article.ts">
        <metrics statements="12" coveredstatements="10" conditionals="6" coveredconditionals="4" methods="1" coveredmethods="1"/>
        <line num="4" count="1" type="stmt"/>
        <line num="6" count="1" type="stmt"/>
        <line num="7" count="1" type="stmt"/>
        <line num="8" count="1" type="stmt"/>
        <line num="9" count="1" type="stmt"/>
        <line num="10" count="1" type="stmt"/>
        <line num="11" count="1" type="stmt"/>
        <line num="12" count="1" type="stmt"/>
        <line num="14" count="1" type="cond" truecount="2" falsecount="1"/>
        <line num="15" count="0" type="stmt"/>
        <line num="20" count="1" type="cond" truecount="2" falsecount="1"/>
        <line num="21" count="0" type="stmt"/>
      </file>
      <file name="author.ts" path="/Users/wendellneander/Downloads/react-example/src/api/src/domain/entities/author.ts">
        <metrics statements="7" coveredstatements="6" conditionals="3" coveredconditionals="2" methods="1" coveredmethods="1"/>
        <line num="1" count="1" type="stmt"/>
        <line num="3" count="1" type="stmt"/>
        <line num="4" count="1" type="stmt"/>
        <line num="5" count="1" type="stmt"/>
        <line num="6" count="1" type="stmt"/>
        <line num="8" count="1" type="cond" truecount="2" falsecount="1"/>
        <line num="9" count="0" type="stmt"/>
      </file>
      <file name="category.ts" path="/Users/wendellneander/Downloads/react-example/src/api/src/domain/entities/category.ts">
        <metrics statements="7" coveredstatements="6" conditionals="3" coveredconditionals="2" methods="1" coveredmethods="1"/>
        <line num="1" count="1" type="stmt"/>
        <line num="3" count="1" type="stmt"/>
        <line num="4" count="1" type="stmt"/>
        <line num="5" count="1" type="stmt"/>
        <line num="6" count="1" type="stmt"/>
        <line num="8" count="1" type="cond" truecount="2" falsecount="1"/>
        <line num="9" count="0" type="stmt"/>
      </file>
    </package>
  </project>
</coverage>
