<?xml version="1.0" encoding="UTF-8"?>
<coverage generated="1704401238591" clover="3.2.0">
  <project timestamp="1704401238591" name="All files">
    <metrics statements="122" coveredstatements="43" conditionals="36" coveredconditionals="5" methods="18" coveredmethods="4" elements="176" coveredelements="52" complexity="0" loc="122" ncloc="122" packages="3" files="11" classes="11"/>
    <package name="adapters">
      <metrics statements="60" coveredstatements="20" conditionals="9" coveredconditionals="0" methods="11" coveredmethods="0"/>
      <file name="create-article-mysql.ts" path="/Users/wendellneander/Desktop/news-app/src/api/src/adapters/create-article-mysql.ts">
        <metrics statements="11" coveredstatements="3" conditionals="2" coveredconditionals="0" methods="2" coveredmethods="0"/>
        <line num="2" count="1" type="stmt"/>
        <line num="5" count="1" type="stmt"/>
        <line num="7" count="1" type="stmt"/>
        <line num="11" count="0" type="stmt"/>
        <line num="21" count="0" type="cond" truecount="0" falsecount="1"/>
        <line num="22" count="0" type="stmt"/>
        <line num="24" count="0" type="cond" truecount="0" falsecount="1"/>
        <line num="25" count="0" type="stmt"/>
        <line num="28" count="0" type="stmt"/>
        <line num="35" count="0" type="stmt"/>
        <line num="36" count="0" type="stmt"/>
      </file>
      <file name="get-article-mysql.ts" path="/Users/wendellneander/Desktop/news-app/src/api/src/adapters/get-article-mysql.ts">
        <metrics statements="14" coveredstatements="5" conditionals="3" coveredconditionals="0" methods="2" coveredmethods="0"/>
        <line num="2" count="1" type="stmt"/>
        <line num="3" count="1" type="stmt"/>
        <line num="4" count="1" type="stmt"/>
        <line num="5" count="1" type="stmt"/>
        <line num="7" count="1" type="stmt"/>
        <line num="11" count="0" type="stmt"/>
        <line num="15" count="0" type="stmt"/>
        <line num="16" count="0" type="stmt"/>
        <line num="18" count="0" type="stmt"/>
        <line num="26" count="0" type="cond" truecount="0" falsecount="1"/>
        <line num="27" count="0" type="stmt"/>
        <line num="30" count="0" type="stmt"/>
        <line num="35" count="0" type="stmt"/>
        <line num="40" count="0" type="stmt"/>
      </file>
      <file name="get-author-mysql.ts" path="/Users/wendellneander/Desktop/news-app/src/api/src/adapters/get-author-mysql.ts">
        <metrics statements="8" coveredstatements="3" conditionals="1" coveredconditionals="0" methods="2" coveredmethods="0"/>
        <line num="1" count="1" type="stmt"/>
        <line num="3" count="1" type="stmt"/>
        <line num="5" count="1" type="stmt"/>
        <line num="9" count="0" type="stmt"/>
        <line num="13" count="0" type="stmt"/>
        <line num="20" count="0" type="cond" truecount="0" falsecount="1"/>
        <line num="21" count="0" type="stmt"/>
        <line num="24" count="0" type="stmt"/>
      </file>
      <file name="get-category-mysql.ts" path="/Users/wendellneander/Desktop/news-app/src/api/src/adapters/get-category-mysql.ts">
        <metrics statements="8" coveredstatements="3" conditionals="1" coveredconditionals="0" methods="2" coveredmethods="0"/>
        <line num="1" count="1" type="stmt"/>
        <line num="3" count="1" type="stmt"/>
        <line num="5" count="1" type="stmt"/>
        <line num="9" count="0" type="stmt"/>
        <line num="13" count="0" type="stmt"/>
        <line num="20" count="0" type="cond" truecount="0" falsecount="1"/>
        <line num="21" count="0" type="stmt"/>
        <line num="24" count="0" type="stmt"/>
      </file>
      <file name="slug-service.ts" path="/Users/wendellneander/Desktop/news-app/src/api/src/adapters/slug-service.ts">
        <metrics statements="3" coveredstatements="1" conditionals="0" coveredconditionals="0" methods="1" coveredmethods="0"/>
        <line num="3" count="1" type="stmt"/>
        <line num="5" count="0" type="stmt"/>
        <line num="11" count="0" type="stmt"/>
      </file>
      <file name="update-article-mysql.ts" path="/Users/wendellneander/Desktop/news-app/src/api/src/adapters/update-article-mysql.ts">
        <metrics statements="16" coveredstatements="5" conditionals="2" coveredconditionals="0" methods="2" coveredmethods="0"/>
        <line num="2" count="1" type="stmt"/>
        <line num="3" count="1" type="stmt"/>
        <line num="4" count="1" type="stmt"/>
        <line num="5" count="1" type="stmt"/>
        <line num="7" count="1" type="stmt"/>
        <line num="11" count="0" type="stmt"/>
        <line num="18" count="0" type="stmt"/>
        <line num="29" count="0" type="cond" truecount="0" falsecount="1"/>
        <line num="30" count="0" type="stmt"/>
        <line num="33" count="0" type="stmt"/>
        <line num="38" count="0" type="stmt"/>
        <line num="49" count="0" type="cond" truecount="0" falsecount="1"/>
        <line num="50" count="0" type="stmt"/>
        <line num="53" count="0" type="stmt"/>
        <line num="59" count="0" type="stmt"/>
        <line num="65" count="0" type="stmt"/>
      </file>
    </package>
    <package name="application.use-cases.create-article">
      <metrics statements="33" coveredstatements="20" conditionals="12" coveredconditionals="5" methods="4" coveredmethods="4"/>
      <file name="create-article-input.ts" path="/Users/wendellneander/Desktop/news-app/src/api/src/application/use-cases/create-article/create-article-input.ts">
        <metrics statements="13" coveredstatements="9" conditionals="8" coveredconditionals="4" methods="2" coveredmethods="2"/>
        <line num="1" count="1" type="stmt"/>
        <line num="3" count="1" type="stmt"/>
        <line num="4" count="1" type="stmt"/>
        <line num="5" count="1" type="stmt"/>
        <line num="6" count="1" type="stmt"/>
        <line num="10" count="1" type="cond" truecount="2" falsecount="1"/>
        <line num="11" count="0" type="stmt"/>
        <line num="14" count="1" type="cond" truecount="2" falsecount="1"/>
        <line num="15" count="0" type="stmt"/>
        <line num="18" count="1" type="cond" truecount="0" falsecount="1"/>
        <line num="19" count="0" type="stmt"/>
        <line num="22" count="1" type="cond" truecount="0" falsecount="1"/>
        <line num="23" count="0" type="stmt"/>
      </file>
      <file name="create-article.ts" path="/Users/wendellneander/Desktop/news-app/src/api/src/application/use-cases/create-article/create-article.ts">
        <metrics statements="20" coveredstatements="11" conditionals="4" coveredconditionals="1" methods="2" coveredmethods="2"/>
        <line num="13" count="1" type="stmt"/>
        <line num="15" count="1" type="stmt"/>
        <line num="16" count="1" type="stmt"/>
        <line num="17" count="1" type="stmt"/>
        <line num="18" count="1" type="stmt"/>
        <line num="19" count="1" type="stmt"/>
        <line num="20" count="1" type="stmt"/>
        <line num="24" count="1" type="stmt"/>
        <line num="26" count="1" type="stmt"/>
        <line num="29" count="1" type="cond" truecount="1" falsecount="0"/>
        <line num="30" count="1" type="stmt"/>
        <line num="33" count="0" type="stmt"/>
        <line num="34" count="0" type="cond" truecount="0" falsecount="1"/>
        <line num="35" count="0" type="stmt"/>
        <line num="38" count="0" type="stmt"/>
        <line num="41" count="0" type="stmt"/>
        <line num="42" count="0" type="stmt"/>
        <line num="43" count="0" type="stmt"/>
        <line num="50" count="0" type="stmt"/>
        <line num="59" count="0" type="stmt"/>
      </file>
    </package>
    <package name="domain">
      <metrics statements="29" coveredstatements="3" conditionals="15" coveredconditionals="0" methods="3" coveredmethods="0"/>
      <file name="article.ts" path="/Users/wendellneander/Desktop/news-app/src/api/src/domain/article.ts">
        <metrics statements="15" coveredstatements="1" conditionals="9" coveredconditionals="0" methods="1" coveredmethods="0"/>
        <line num="4" count="3" type="stmt"/>
        <line num="6" count="0" type="stmt"/>
        <line num="7" count="0" type="stmt"/>
        <line num="8" count="0" type="stmt"/>
        <line num="9" count="0" type="stmt"/>
        <line num="10" count="0" type="stmt"/>
        <line num="11" count="0" type="stmt"/>
        <line num="12" count="0" type="stmt"/>
        <line num="13" count="0" type="stmt"/>
        <line num="15" count="0" type="cond" truecount="0" falsecount="3"/>
        <line num="16" count="0" type="stmt"/>
        <line num="21" count="0" type="cond" truecount="0" falsecount="3"/>
        <line num="22" count="0" type="stmt"/>
        <line num="27" count="0" type="cond" truecount="0" falsecount="3"/>
        <line num="28" count="0" type="stmt"/>
      </file>
      <file name="author.ts" path="/Users/wendellneander/Desktop/news-app/src/api/src/domain/author.ts">
        <metrics statements="7" coveredstatements="1" conditionals="3" coveredconditionals="0" methods="1" coveredmethods="0"/>
        <line num="1" count="3" type="stmt"/>
        <line num="3" count="0" type="stmt"/>
        <line num="4" count="0" type="stmt"/>
        <line num="5" count="0" type="stmt"/>
        <line num="6" count="0" type="stmt"/>
        <line num="8" count="0" type="cond" truecount="0" falsecount="3"/>
        <line num="9" count="0" type="stmt"/>
      </file>
      <file name="category.ts" path="/Users/wendellneander/Desktop/news-app/src/api/src/domain/category.ts">
        <metrics statements="7" coveredstatements="1" conditionals="3" coveredconditionals="0" methods="1" coveredmethods="0"/>
        <line num="1" count="3" type="stmt"/>
        <line num="3" count="0" type="stmt"/>
        <line num="4" count="0" type="stmt"/>
        <line num="5" count="0" type="stmt"/>
        <line num="6" count="0" type="stmt"/>
        <line num="8" count="0" type="cond" truecount="0" falsecount="3"/>
        <line num="9" count="0" type="stmt"/>
      </file>
    </package>
  </project>
</coverage>
