TN:
SF:src/adapters/create-article-mysql.ts
FN:7,(anonymous_1)
FNF:1
FNH:1
FNDA:1,(anonymous_1)
DA:2,1
DA:6,1
DA:14,1
DA:15,1
LF:4
LH:4
BRF:0
BRH:0
end_of_record
TN:
SF:src/adapters/get-author-mysql.ts
FN:5,(anonymous_1)
FNF:1
FNH:1
FNDA:1,(anonymous_1)
DA:2,1
DA:4,1
DA:7,1
LF:3
LH:3
BRF:0
BRH:0
end_of_record
TN:
SF:src/adapters/get-category-mysql.ts
FN:5,(anonymous_1)
FNF:1
FNH:1
FNDA:1,(anonymous_1)
DA:2,1
DA:4,1
DA:7,1
LF:3
LH:3
BRF:0
BRH:0
end_of_record
TN:
SF:src/application/use-cases/create-article/create-article-input.ts
FN:2,(anonymous_0)
FN:9,(anonymous_1)
FNF:2
FNH:2
FNDA:1,(anonymous_0)
FNDA:1,(anonymous_1)
DA:1,1
DA:3,1
DA:4,1
DA:5,1
DA:6,1
DA:10,1
DA:11,0
DA:14,1
DA:15,0
DA:18,1
DA:19,0
DA:22,1
DA:23,0
LF:13
LH:9
BRDA:10,0,0,0
BRDA:10,1,0,1
BRDA:10,1,1,1
BRDA:14,2,0,0
BRDA:14,3,0,1
BRDA:14,3,1,1
BRDA:18,4,0,0
BRDA:22,5,0,0
BRF:8
BRH:4
end_of_record
TN:
SF:src/application/use-cases/create-article/create-article.ts
FN:8,(anonymous_0)
FN:14,(anonymous_1)
FNF:2
FNH:2
FNDA:1,(anonymous_0)
FNDA:1,(anonymous_1)
DA:7,1
DA:9,1
DA:10,1
DA:11,1
DA:15,1
DA:17,1
DA:20,1
DA:21,0
DA:24,1
DA:25,1
DA:26,0
DA:28,1
DA:29,1
DA:36,1
LF:14
LH:12
BRDA:20,0,0,0
BRDA:25,1,0,0
BRF:2
BRH:0
end_of_record
TN:
SF:src/domain/entities/article.ts
FN:5,(anonymous_0)
FNF:1
FNH:1
FNDA:1,(anonymous_0)
DA:4,1
DA:6,1
DA:7,1
DA:8,1
DA:9,1
DA:10,1
DA:11,1
DA:12,1
DA:14,1
DA:15,0
DA:20,1
DA:21,0
LF:12
LH:10
BRDA:14,0,0,0
BRDA:14,1,0,1
BRDA:14,1,1,1
BRDA:20,2,0,0
BRDA:20,3,0,1
BRDA:20,3,1,1
BRF:6
BRH:4
end_of_record
TN:
SF:src/domain/entities/author.ts
FN:2,(anonymous_0)
FNF:1
FNH:1
FNDA:1,(anonymous_0)
DA:1,1
DA:3,1
DA:4,1
DA:5,1
DA:6,1
DA:8,1
DA:9,0
LF:7
LH:6
BRDA:8,0,0,0
BRDA:8,1,0,1
BRDA:8,1,1,1
BRF:3
BRH:2
end_of_record
TN:
SF:src/domain/entities/category.ts
FN:2,(anonymous_0)
FNF:1
FNH:1
FNDA:1,(anonymous_0)
DA:1,1
DA:3,1
DA:4,1
DA:5,1
DA:6,1
DA:8,1
DA:9,0
LF:7
LH:6
BRDA:8,0,0,0
BRDA:8,1,0,1
BRDA:8,1,1,1
BRF:3
BRH:2
end_of_record
