TN:
SF:src/adapters/create-article-mysql.ts
FN:10,(anonymous_1)
FN:14,(anonymous_2)
FNF:2
FNH:0
FNDA:0,(anonymous_1)
FNDA:0,(anonymous_2)
DA:2,1
DA:5,1
DA:7,1
DA:11,0
DA:21,0
DA:22,0
DA:24,0
DA:25,0
DA:28,0
DA:35,0
DA:36,0
LF:11
LH:3
BRDA:21,0,0,0
BRDA:24,1,0,0
BRF:2
BRH:0
end_of_record
TN:
SF:src/adapters/get-article-mysql.ts
FN:10,(anonymous_1)
FN:14,(anonymous_2)
FNF:2
FNH:0
FNDA:0,(anonymous_1)
FNDA:0,(anonymous_2)
DA:2,1
DA:3,1
DA:4,1
DA:5,1
DA:7,1
DA:11,0
DA:15,0
DA:16,0
DA:18,0
DA:26,0
DA:27,0
DA:30,0
DA:35,0
DA:40,0
LF:14
LH:5
BRDA:19,0,0,0
BRDA:19,0,1,0
BRDA:26,1,0,0
BRF:3
BRH:0
end_of_record
TN:
SF:src/adapters/get-author-mysql.ts
FN:8,(anonymous_1)
FN:12,(anonymous_2)
FNF:2
FNH:0
FNDA:0,(anonymous_1)
FNDA:0,(anonymous_2)
DA:1,1
DA:3,1
DA:5,1
DA:9,0
DA:13,0
DA:20,0
DA:21,0
DA:24,0
LF:8
LH:3
BRDA:20,0,0,0
BRF:1
BRH:0
end_of_record
TN:
SF:src/adapters/get-category-mysql.ts
FN:8,(anonymous_1)
FN:12,(anonymous_2)
FNF:2
FNH:0
FNDA:0,(anonymous_1)
FNDA:0,(anonymous_2)
DA:1,1
DA:3,1
DA:5,1
DA:9,0
DA:13,0
DA:20,0
DA:21,0
DA:24,0
LF:8
LH:3
BRDA:20,0,0,0
BRF:1
BRH:0
end_of_record
TN:
SF:src/adapters/slug-service.ts
FN:4,(anonymous_0)
FNF:1
FNH:0
FNDA:0,(anonymous_0)
DA:3,1
DA:5,0
DA:11,0
LF:3
LH:1
BRF:0
BRH:0
end_of_record
TN:
SF:src/adapters/update-article-mysql.ts
FN:10,(anonymous_1)
FN:14,(anonymous_2)
FNF:2
FNH:0
FNDA:0,(anonymous_1)
FNDA:0,(anonymous_2)
DA:2,1
DA:3,1
DA:4,1
DA:5,1
DA:7,1
DA:11,0
DA:18,0
DA:29,0
DA:30,0
DA:33,0
DA:38,0
DA:49,0
DA:50,0
DA:53,0
DA:59,0
DA:65,0
LF:16
LH:5
BRDA:29,0,0,0
BRDA:49,1,0,0
BRF:2
BRH:0
end_of_record
TN:
SF:src/application/use-cases/create-article/create-article-input.ts
FN:2,(anonymous_0)
FN:9,(anonymous_1)
FNF:2
FNH:2
FNDA:1,(anonymous_0)
FNDA:1,(anonymous_1)
DA:1,1
DA:3,1
DA:4,1
DA:5,1
DA:6,1
DA:10,1
DA:11,0
DA:14,1
DA:15,0
DA:18,1
DA:19,0
DA:22,1
DA:23,0
LF:13
LH:9
BRDA:10,0,0,0
BRDA:10,1,0,1
BRDA:10,1,1,1
BRDA:14,2,0,0
BRDA:14,3,0,1
BRDA:14,3,1,1
BRDA:18,4,0,0
BRDA:22,5,0,0
BRF:8
BRH:4
end_of_record
TN:
SF:src/application/use-cases/create-article/create-article.ts
FN:14,(anonymous_0)
FN:23,(anonymous_1)
FNF:2
FNH:2
FNDA:1,(anonymous_0)
FNDA:1,(anonymous_1)
DA:13,1
DA:15,1
DA:16,1
DA:17,1
DA:18,1
DA:19,1
DA:20,1
DA:24,1
DA:26,1
DA:29,1
DA:30,1
DA:33,0
DA:34,0
DA:35,0
DA:38,0
DA:41,0
DA:42,0
DA:43,0
DA:50,0
DA:59,0
LF:20
LH:11
BRDA:29,0,0,1
BRDA:34,1,0,0
BRDA:47,2,0,0
BRDA:47,2,1,0
BRF:4
BRH:1
end_of_record
TN:
SF:src/domain/article.ts
FN:5,(anonymous_0)
FNF:1
FNH:0
FNDA:0,(anonymous_0)
DA:4,3
DA:6,0
DA:7,0
DA:8,0
DA:9,0
DA:10,0
DA:11,0
DA:12,0
DA:13,0
DA:15,0
DA:16,0
DA:21,0
DA:22,0
DA:27,0
DA:28,0
LF:15
LH:1
BRDA:15,0,0,0
BRDA:15,1,0,0
BRDA:15,1,1,0
BRDA:21,2,0,0
BRDA:21,3,0,0
BRDA:21,3,1,0
BRDA:27,4,0,0
BRDA:27,5,0,0
BRDA:27,5,1,0
BRF:9
BRH:0
end_of_record
TN:
SF:src/domain/author.ts
FN:2,(anonymous_0)
FNF:1
FNH:0
FNDA:0,(anonymous_0)
DA:1,3
DA:3,0
DA:4,0
DA:5,0
DA:6,0
DA:8,0
DA:9,0
LF:7
LH:1
BRDA:8,0,0,0
BRDA:8,1,0,0
BRDA:8,1,1,0
BRF:3
BRH:0
end_of_record
TN:
SF:src/domain/category.ts
FN:2,(anonymous_0)
FNF:1
FNH:0
FNDA:0,(anonymous_0)
DA:1,3
DA:3,0
DA:4,0
DA:5,0
DA:6,0
DA:8,0
DA:9,0
LF:7
LH:1
BRDA:8,0,0,0
BRDA:8,1,0,0
BRDA:8,1,1,0
BRF:3
BRH:0
end_of_record
